<?xml version="1.0" encoding="UTF-8" ?>
<testsuite errors="0" failures="0" hostname="marwa" name="lms.loginTest" skipped="0" tests="17" time="4.139" timestamp="2021-07-14T10:00:37">
  <properties>
    <property name="libs.spring-framework300.classpath" value="C:\Program Files\netbeans\ide\modules\org-apache-commons-logging.jar;C:\Program Files\netbeans\java\modules\ext\cglib-2.2.jar;C:\Program Files\netbeans\java\modules\ext\spring-3.0\spring-aop-3.2.7.RELEASE.jar;C:\Program Files\netbeans\java\modules\ext\spring-3.0\spring-aspects-3.2.7.RELEASE.jar;C:\Program Files\netbeans\java\modules\ext\spring-3.0\spring-beans-3.2.7.RELEASE.jar;C:\Program Files\netbeans\java\modules\ext\spring-3.0\spring-build-src-3.2.7.RELEASE.jar;C:\Program Files\netbeans\java\modules\ext\spring-3.0\spring-context-3.2.7.RELEASE.jar;C:\Program Files\netbeans\java\modules\ext\spring-3.0\spring-context-support-3.2.7.RELEASE.jar;C:\Program Files\netbeans\java\modules\ext\spring-3.0\spring-core-3.2.7.RELEASE.jar;C:\Program Files\netbeans\java\modules\ext\spring-3.0\spring-expression-3.2.7.RELEASE.jar;C:\Program Files\netbeans\java\modules\ext\spring-3.0\spring-framework-bom-3.2.7.RELEASE.jar;C:\Program Files\netbeans\java\modules\ext\spring-3.0\spring-instrument-3.2.7.RELEASE.jar;C:\Program Files\netbeans\java\modules\ext\spring-3.0\spring-instrument-tomcat-3.2.7.RELEASE.jar;C:\Program Files\netbeans\java\modules\ext\spring-3.0\spring-jdbc-3.2.7.RELEASE.jar;C:\Program Files\netbeans\java\modules\ext\spring-3.0\spring-jms-3.2.7.RELEASE.jar;C:\Program Files\netbeans\java\modules\ext\spring-3.0\spring-orm-3.2.7.RELEASE.jar;C:\Program Files\netbeans\java\modules\ext\spring-3.0\spring-oxm-3.2.7.RELEASE.jar;C:\Program Files\netbeans\java\modules\ext\spring-3.0\spring-struts-3.2.7.RELEASE.jar;C:\Program Files\netbeans\java\modules\ext\spring-3.0\spring-test-3.2.7.RELEASE.jar;C:\Program Files\netbeans\java\modules\ext\spring-3.0\spring-tx-3.2.7.RELEASE.jar;C:\Program Files\netbeans\java\modules\ext\spring-3.0\spring-web-3.2.7.RELEASE.jar;C:\Program Files\netbeans\java\modules\ext\spring-3.0\spring-webmvc-3.2.7.RELEASE.jar;C:\Program Files\netbeans\java\modules\ext\spring-3.0\spring-webmvc-portlet-3.2.7.RELEASE.jar" />
    <property name="javac.test.classpath" value="D:\mysql\mysql-connector-java-8.0.22\mysql-connector-java-8.0.22.jar:build/classes:C:\Program Files\netbeans\platform\modules\ext\junit-jupiter-api-5.3.1.jar;C:\Program Files\netbeans\platform\modules\ext\junit-jupiter-params-5.3.1.jar;C:\Program Files\netbeans\platform\modules\ext\junit-jupiter-engine-5.3.1.jar:C:\Program Files\netbeans\platform\modules\ext\junit-4.12.jar:D:\downloads_D\junitjars\hamcrest-core-1.3.jar:D:\downloads_D\junitjars\junit-4.13.2.jar" />
    <property name="java.specification.version" value="11" />
    <property name="jar.index.metainf" value="false" />
    <property name="jnlp.signing.keystore" value="" />
    <property name="libs.spring-webmvc4.0.javadoc" value="" />
    <property name="libs.spring-framework400.classpath" value="C:\Program Files\netbeans\ide\modules\org-apache-commons-logging.jar;C:\Program Files\netbeans\java\modules\ext\cglib-2.2.jar;C:\Program Files\netbeans\java\modules\ext\spring-4\spring-aop-4.0.1.RELEASE.jar;C:\Program Files\netbeans\java\modules\ext\spring-4\spring-aspects-4.0.1.RELEASE.jar;C:\Program Files\netbeans\java\modules\ext\spring-4\spring-beans-4.0.1.RELEASE.jar;C:\Program Files\netbeans\java\modules\ext\spring-4\spring-build-src-4.0.1.RELEASE.jar;C:\Program Files\netbeans\java\modules\ext\spring-4\spring-context-4.0.1.RELEASE.jar;C:\Program Files\netbeans\java\modules\ext\spring-4\spring-context-support-4.0.1.RELEASE.jar;C:\Program Files\netbeans\java\modules\ext\spring-4\spring-core-4.0.1.RELEASE.jar;C:\Program Files\netbeans\java\modules\ext\spring-4\spring-expression-4.0.1.RELEASE.jar;C:\Program Files\netbeans\java\modules\ext\spring-4\spring-framework-bom-4.0.1.RELEASE.jar;C:\Program Files\netbeans\java\modules\ext\spring-4\spring-instrument-4.0.1.RELEASE.jar;C:\Program Files\netbeans\java\modules\ext\spring-4\spring-instrument-tomcat-4.0.1.RELEASE.jar;C:\Program Files\netbeans\java\modules\ext\spring-4\spring-jdbc-4.0.1.RELEASE.jar;C:\Program Files\netbeans\java\modules\ext\spring-4\spring-jms-4.0.1.RELEASE.jar;C:\Program Files\netbeans\java\modules\ext\spring-4\spring-messaging-4.0.1.RELEASE.jar;C:\Program Files\netbeans\java\modules\ext\spring-4\spring-orm-4.0.1.RELEASE.jar;C:\Program Files\netbeans\java\modules\ext\spring-4\spring-oxm-4.0.1.RELEASE.jar;C:\Program Files\netbeans\java\modules\ext\spring-4\spring-test-4.0.1.RELEASE.jar;C:\Program Files\netbeans\java\modules\ext\spring-4\spring-tx-4.0.1.RELEASE.jar;C:\Program Files\netbeans\java\modules\ext\spring-4\spring-web-4.0.1.RELEASE.jar;C:\Program Files\netbeans\java\modules\ext\spring-4\spring-webmvc-4.0.1.RELEASE.jar;C:\Program Files\netbeans\java\modules\ext\spring-4\spring-webmvc-portlet-4.0.1.RELEASE.jar;C:\Program Files\netbeans\java\modules\ext\spring-4\spring-websocket-4.0.1.RELEASE.jar" />
    <property name="test.binaryincludes" value="&lt;nothing&gt;" />
    <property name="do.jlink" value="false" />
    <property name="debug-transport" value="dt_shmem" />
    <property name="java.vendor.url" value="https://openjdk.java.net/" />
    <property name="ant.file.type.lms-impl" value="file" />
    <property name="debug.modulepath" value="" />
    <property name="libs.jsp-compilation.src" value="" />
    <property name="libs.eclipselink.javadoc" value="" />
    <property name="libs.JWSAntTasks.javadoc" value="" />
    <property name="sun.boot.library.path" value="C:\Program Files\Java\jdk-11.0.9\bin" />
    <property name="sun.java.command" value="org.apache.tools.ant.taskdefs.optional.junit.JUnitTestRunner lms.loginTest skipNonTests=false filtertrace=true haltOnError=false haltOnFailure=false showoutput=true outputtoformatters=true logfailedtests=true threadid=0 logtestlistenerevents=true formatter=org.apache.tools.ant.taskdefs.optional.junit.BriefJUnitResultFormatter formatter=org.apache.tools.ant.taskdefs.optional.junit.XMLJUnitResultFormatter,D:\downloads_D\3rd\software2\labs\first\build\test\results\TEST-lms.loginTest.xml crashfile=D:\downloads_D\3rd\software2\labs\first\build\junitvmwatcher17117730016433431358.properties propsfile=D:\downloads_D\3rd\software2\labs\first\build\junit13363508347315845999.properties" />
    <property name="jdk.debug" value="release" />
    <property name="libs.spring-framework300.src" value="" />
    <property name="javadoc.use" value="true" />
    <property name="libs.javac-api.maven-pom" value="" />
    <property name="javadoc.notree" value="false" />
    <property name="basedir" value="D:\downloads_D\3rd\software2\labs\first" />
    <property name="application.vendor" value="toshipa" />
    <property name="java.vm.specification.vendor" value="Oracle Corporation" />
    <property name="java.specification.name" value="Java Platform API Specification" />
    <property name="libs.javac-api.javadoc" value="" />
    <property name="libs.jsf20.classpath" value="C:\Program Files\netbeans\enterprise\modules\ext\jsf-2_2\javax.faces.jar" />
    <property name="netbeans.extbrowser.manual_chrome_plugin_install" value="yes" />
    <property name="netbeans.default_userdir_root" value="C:\Users\toshipa\AppData\Roaming\NetBeans" />
    <property name="libs.jsp-compilation-syscp.src" value="" />
    <property name="jdk.home" value="C:\Program Files\Java\jdk-11.0.9" />
    <property name="java.runtime.version" value="11.0.9+7-LTS" />
    <property name="libs.eclipselink.maven-pom" value="" />
    <property name="libs.metro.maven-pom" value="" />
    <property name="libs.JAXB-ENDORSED.javadoc" value="" />
    <property name="sun.java2d.noddraw" value="true" />
    <property name="sun.zip.disableMemoryMapping" value="true" />
    <property name="guice.disable.misplaced.annotation.check" value="true" />
    <property name="libs.maven-dependencies.maven-pom" value="" />
    <property name="libs.primefaces.javadoc" value="" />
    <property name="libs.jsf12.src" value="" />
    <property name="libs.jsp-compilation.javadoc" value="" />
    <property name="libs.groovy-all.maven-pom" value="" />
    <property name="java.vendor.version" value="18.9" />
    <property name="libs.restapi.src" value="" />
    <property name="libs.junit_5.javadoc" value="C:\Program Files\netbeans\platform\docs\junit-jupiter-api-5.3.1-javadoc.jar;C:\Program Files\netbeans\platform\docs\junit-jupiter-params-5.3.1-javadoc.jar;C:\Program Files\netbeans\platform\docs\junit-jupiter-engine-5.3.1-javadoc.jar" />
    <property name="jnlp.enabled" value="false" />
    <property name="dist.archive.excludes" value="" />
    <property name="java.io.tmpdir" value="C:\Users\toshipa\AppData\Local\Temp\" />
    <property name="java.version" value="11.0.9" />
    <property name="java.vm.specification.name" value="Java Virtual Machine Specification" />
    <property name="libs.hamcrest.src" value="" />
    <property name="java.library.path" value="C:\Program Files\Java\jdk-11.0.9\bin;C:\Windows\Sun\Java\bin;C:\Windows\system32;C:\Windows;C:\Users\toshipa\AppData\Local\Programs\Python\Python37;C:\Program Files\Common Files\Oracle\Java\javapath;C:\Windows\system32;C:\Windows;C:\Windows\System32\Wbem;C:\Windows\System32\WindowsPowerShell\v1.0\;C:\Users\toshipa\Desktop\imt\IMT_Environment\mingw64\bin;D:\Git\cmd;D:\xc8\bin;D:\matlab0\runtime\win64;D:\matlab0\bin;D:\matlab0\polyspace\bin;C:\Program Files (x86)\IVI Foundation\VISA\WinNT\Bin\;C:\Program Files\IVI Foundation\VISA\Win64\Bin\;C:\Program Files (x86)\IVI Foundation\IVI\bin;C:\Program Files\IVI Foundation\IVI\bin;C:\Program Files (x86)\IVI Foundation\VISA\WinNT\Bin;C:\Program Files\Java\jdk-11.0.9\bin;C:\Program Files (x86)\STMicroelectronics\STM32 ST-LINK Utility\ST-LINK Utility;E:\Programs\CMake\CMake\bin;D:\Anaconda3;D:\Anaconda3\Library\mingw-w64\bin;D:\Anaconda3\Library\usr\bin;D:\Anaconda3\Library\bin;D:\Anaconda3\Scripts;C:\Program Files\MySQL\MySQL Shell 8.0\bin\;C:\Users\toshipa\AppData\Local\Programs\Python\Python37\Scripts\;C:\Users\toshipa\AppData\Local\Programs\Python\Python37\;C:\Users\toshipa\Desktop\sdk\IMT_SDK_Win_64\mingw\bin;C:\Users\toshipa\Desktop\sdk\imt\IMT_Environment\mingw64\lib;D:\heroku\bin;D:\netbeans\bin;E:\Programs\Microsoft VS Code\bin;C:\Users\toshipa\AppData\Local\Programs\Python\Python37;." />
    <property name="java.vendor" value="Oracle Corporation" />
    <property name="ant.file.lms-impl" value="D:\downloads_D\3rd\software2\labs\first\nbproject\build-impl.xml" />
    <property name="libs.groovy-all.src" value="" />
    <property name="libs.testng.javadoc" value="C:\Program Files\netbeans\platform\docs\testng-6.8.1-javadoc.zip" />
    <property name="meta.inf.dir" value="src/META-INF" />
    <property name="run.upgrademodulepath" value="" />
    <property name="compile.on.save" value="true" />
    <property name="libs.testng.maven-pom" value="" />
    <property name="jlink.additionalparam" value="" />
    <property name="org.openide.version" value="deprecated" />
    <property name="test.includes" value="lms/loginTest.java" />
    <property name="run.classpath" value="D:\mysql\mysql-connector-java-8.0.22\mysql-connector-java-8.0.22.jar:build/classes" />
    <property name="libs.JAVADB_DRIVER_LABEL.src" value="" />
    <property name="libs.jaxb.src" value="" />
    <property name="test.src.dir" value="test" />
    <property name="sun.awt.enableExtraMouseButtons" value="true" />
    <property name="org.openide.major.version" value="IDE/1" />
    <property name="libs.spring-framework300.javadoc" value="" />
    <property name="ap.proc.none.internal" value="" />
    <property name="org.openide.specification.version" value="6.2" />
    <property name="user.timezone" value="" />
    <property name="jar.index" value="false" />
    <property name="libs.jpa20-persistence.classpath" value="C:\Program Files\netbeans\java\modules\ext\eclipselink\javax.persistence-2.1.0.jar" />
    <property name="java.vm.specification.version" value="11" />
    <property name="libs.eclipselinkmodelgen.javadoc" value="" />
    <property name="libs.junit_5.classpath" value="C:\Program Files\netbeans\platform\modules\ext\junit-jupiter-api-5.3.1.jar;C:\Program Files\netbeans\platform\modules\ext\junit-jupiter-params-5.3.1.jar;C:\Program Files\netbeans\platform\modules\ext\junit-jupiter-engine-5.3.1.jar" />
    <property name="javadoc.noindex" value="false" />
    <property name="javadoc.private" value="false" />
    <property name="libs.spring-webmvc4.0.maven-pom" value="" />
    <property name="file.reference.mysql-connector-java-8.0.22.jar" value="D:\mysql\mysql-connector-java-8.0.22\mysql-connector-java-8.0.22.jar" />
    <property name="libs.JAXB-ENDORSED.maven-pom" value="" />
    <property name="user.home" value="C:\Users\toshipa" />
    <property name="libs.eclipselinkmodelgen.maven-pom" value="" />
    <property name="have.sources" value="true" />
    <property name="annotation.processing.processors.list" value="" />
    <property name="jlink.launcher" value="true" />
    <property name="javac.deprecation" value="false" />
    <property name="manifest.custom.caller.allowable.codebase" value="" />
    <property name="build.generated.sources.dir" value="build/generated-sources" />
    <property name="plugin.manager.check.updates" value="false" />
    <property name="netbeans.autoupdate.language" value="en" />
    <property name="build.compiler.emacs" value="true" />
    <property name="libs.eclipselinkmodelgen.src" value="" />
    <property name="build.classes.excludes" value="**/*.java,**/*.form" />
    <property name="dist.jar" value="dist/lms.jar" />
    <property name="libs.spring-webmvc4.0.classpath" value="C:\Program Files\netbeans\java\modules\ext\spring-4\spring-webmvc-4.0.1.RELEASE.jar" />
    <property name="modules.supported.internal" value="true" />
    <property name="libs.javaee-endorsed-api-7.0.javadoc" value="C:\Program Files\netbeans\enterprise\docs\javaee-doc-api.jar" />
    <property name="os.version" value="6.1" />
    <property name="netbeans.home" value="C:\Program Files\netbeans\platform" />
    <property name="libs.CopyLibs.javadoc" value="" />
    <property name="debug-transport-by-os" value="dt_shmem" />
    <property name="libs.jsf20.src" value="" />
    <property name="java.vm.name" value="Java HotSpot(TM) 64-Bit Server VM" />
    <property name="unnamed.module.internal" value="true" />
    <property name="libs.jstl.javadoc" value="C:\Program Files\netbeans\enterprise\docs\javaee-doc-api.jar" />
    <property name="libs.javaee-endorsed-api-7.0.maven-pom" value="" />
    <property name="libs.jaxws21.classpath" value="C:\Program Files\netbeans\java\modules\ext\jaxws22\FastInfoset.jar;C:\Program Files\netbeans\java\modules\ext\jaxws22\gmbal-api-only.jar;C:\Program Files\netbeans\java\modules\ext\jaxws22\ha-api.jar;C:\Program Files\netbeans\java\modules\ext\jaxws22\javax.mail_1.4.jar;C:\Program Files\netbeans\java\modules\ext\jaxws22\jaxws-rt.jar;C:\Program Files\netbeans\java\modules\ext\jaxws22\jaxws-tools.jar;C:\Program Files\netbeans\java\modules\ext\jaxws22\management-api.jar;C:\Program Files\netbeans\java\modules\ext\jaxws22\mimepull.jar;C:\Program Files\netbeans\java\modules\ext\jaxws22\policy.jar;C:\Program Files\netbeans\java\modules\ext\jaxws22\saaj-impl.jar;C:\Program Files\netbeans\java\modules\ext\jaxws22\stax-ex.jar;C:\Program Files\netbeans\java\modules\ext\jaxws22\stax2-api.jar;C:\Program Files\netbeans\java\modules\ext\jaxws22\streambuffer.jar;C:\Program Files\netbeans\java\modules\ext\jaxws22\woodstox-core-asl.jar;C:\Program Files\netbeans\java\modules\ext\jaxws22\api\jaxws-api.jar;C:\Program Files\netbeans\java\modules\ext\jaxws22\api\jsr181-api.jar;C:\Program Files\netbeans\java\modules\ext\jaxws22\api\javax.annotation.jar;C:\Program Files\netbeans\java\modules\ext\jaxws22\api\saaj-api.jar;C:\Program Files\netbeans\ide\modules\ext\jaxb\activation.jar;C:\Program Files\netbeans\ide\modules\ext\jaxb\api\jaxb-api.jar" />
    <property name="libs.restapi.classpath" value="C:\Program Files\netbeans\enterprise\modules\ext\jaxrs-2.0\javax.ws.rs-api-2.0.jar" />
    <property name="os.arch" value="amd64" />
    <property name="build.generated.dir" value="build/generated" />
    <property name="file.reference.junit-4.13.2.jar" value="D:\downloads_D\junitjars\junit-4.13.2.jar" />
    <property name="libs.groovy-all.javadoc" value="" />
    <property name="libs.javaee-web-api-7.0.javadoc" value="C:\Program Files\netbeans\enterprise\docs\javaee-doc-api.jar" />
    <property name="jnlp.descriptor" value="application" />
    <property name="libs.jsf12.maven-pom" value="" />
    <property name="libs.javaee-endorsed-api-7.0.classpath" value="C:\Program Files\netbeans\enterprise\modules\ext\javaee7-endorsed\javax.annotation-api.jar;C:\Program Files\netbeans\enterprise\modules\ext\javaee7-endorsed\javax.xml.soap-api.jar;C:\Program Files\netbeans\enterprise\modules\ext\javaee7-endorsed\jaxb-api-osgi.jar;C:\Program Files\netbeans\enterprise\modules\ext\javaee7-endorsed\jaxws-api.jar;C:\Program Files\netbeans\enterprise\modules\ext\javaee7-endorsed\jsr181-api.jar" />
    <property name="org.netbeans.io.suspend" value="0" />
    <property name="libs.primefaces.maven-pom" value="" />
    <property name="awt.toolkit" value="sun.awt.windows.WToolkit" />
    <property name="ant.project.name" value="lms" />
    <property name="dist.javadoc.dir" value="dist/javadoc" />
    <property name="default.javac.target" value="11" />
    <property name="javac.fork" value="true" />
    <property name="libs.jSerialComm.classpath" value="D:\downloads_D\jSerialComm-2.6.2.jar" />
    <property name="libs.eclipselink.classpath" value="C:\Program Files\netbeans\java\modules\ext\eclipselink\org.eclipse.persistence.core-2.5.2.jar;C:\Program Files\netbeans\java\modules\ext\eclipselink\org.eclipse.persistence.asm-2.5.2.jar;C:\Program Files\netbeans\java\modules\ext\eclipselink\org.eclipse.persistence.antlr-2.5.2.jar;C:\Program Files\netbeans\java\modules\ext\eclipselink\org.eclipse.persistence.jpa-2.5.2.jar;C:\Program Files\netbeans\java\modules\ext\eclipselink\org.eclipse.persistence.jpa.jpql-2.5.2.jar;C:\Program Files\netbeans\java\modules\ext\eclipselink\javax.persistence-2.1.0.jar" />
    <property name="ant.file.type.lms" value="file" />
    <property name="libs.javac-api.classpath" value="" />
    <property name="libs.struts.classpath" value="C:\Program Files\netbeans\enterprise\modules\ext\struts\antlr-2.7.2.jar;C:\Program Files\netbeans\enterprise\modules\ext\struts\bsf-2.3.0.jar;C:\Program Files\netbeans\enterprise\modules\ext\struts\commons-beanutils-1.8.0.jar;C:\Program Files\netbeans\enterprise\modules\ext\struts\commons-chain-1.2.jar;C:\Program Files\netbeans\enterprise\modules\ext\struts\commons-digester-1.8.jar;C:\Program Files\netbeans\enterprise\modules\ext\struts\commons-fileupload-1.1.1.jar;C:\Program Files\netbeans\enterprise\modules\ext\struts\commons-io-1.1.jar;C:\Program Files\netbeans\enterprise\modules\ext\struts\commons-logging-1.0.4.jar;C:\Program Files\netbeans\enterprise\modules\ext\struts\commons-validator-1.3.1.jar;C:\Program Files\netbeans\enterprise\modules\ext\struts\jstl-1.0.2.jar;C:\Program Files\netbeans\enterprise\modules\ext\struts\oro-2.0.8.jar;C:\Program Files\netbeans\enterprise\modules\ext\struts\standard-1.0.6.jar;C:\Program Files\netbeans\enterprise\modules\ext\struts\struts-core-1.3.10.jar;C:\Program Files\netbeans\enterprise\modules\ext\struts\struts-el-1.3.10.jar;C:\Program Files\netbeans\enterprise\modules\ext\struts\struts-extras-1.3.10.jar;C:\Program Files\netbeans\enterprise\modules\ext\struts\struts-faces-1.3.10.jar;C:\Program Files\netbeans\enterprise\modules\ext\struts\struts-mailreader-dao-1.3.10.jar;C:\Program Files\netbeans\enterprise\modules\ext\struts\struts-scripting-1.3.10.jar;C:\Program Files\netbeans\enterprise\modules\ext\struts\struts-taglib-1.3.10.jar;C:\Program Files\netbeans\enterprise\modules\ext\struts\struts-tiles-1.3.10.jar" />
    <property name="libs.PostgreSQLDriver.maven-pom" value="" />
    <property name="libs.absolutelayout.src" value="" />
    <property name="testng.mode" value="testng" />
    <property name="annotation.processing.enabled.in.editor" value="false" />
    <property name="java.vm.compressedOopsMode" value="32-bit" />
    <property name="netbeans.productversion" value="Apache NetBeans IDE 11.0 (Build incubator-netbeans-release-404-on-20190319)" />
    <property name="mkdist.disabled" value="false" />
    <property name="libs.javaee-web-api-6.0.javadoc" value="C:\Program Files\netbeans\enterprise\docs\javaee-doc-api.jar" />
    <property name="libs.groovy-all.classpath" value="C:\Program Files\netbeans\groovy\modules\ext\groovy.jar;C:\Program Files\netbeans\groovy\modules\ext\groovy-ant.jar" />
    <property name="libs.javaee-api-7.0.maven-pom" value="" />
    <property name="libs.absolutelayout.javadoc" value="" />
    <property name="module.build.classes.dir" value="build/classes" />
    <property name="annotation.processing.processor.options" value="" />
    <property name="libs.jaxb.maven-pom" value="" />
    <property name="libs.javaee-api-6.0.maven-pom" value="" />
    <property name="dist.dir" value="dist" />
    <property name="build.dir" value="build" />
    <property name="netbeans.autoupdate.variant" value="" />
    <property name="javadoc.version" value="false" />
    <property name="libs.metro.classpath" value="C:\Program Files\netbeans\ide\modules\ext\jaxb\activation.jar;C:\Program Files\netbeans\enterprise\modules\ext\metro\webservices-api.jar;C:\Program Files\netbeans\enterprise\modules\ext\metro\webservices-extra-api.jar;C:\Program Files\netbeans\enterprise\modules\ext\metro\webservices-extra.jar;C:\Program Files\netbeans\enterprise\modules\ext\metro\webservices-rt.jar;C:\Program Files\netbeans\enterprise\modules\ext\metro\webservices-tools.jar" />
    <property name="libs.metro.src" value="" />
    <property name="libs.CopyLibs.classpath" value="C:\Program Files\netbeans\java\ant\extra\org-netbeans-modules-java-j2seproject-copylibstask.jar;D:\derby\db-derby-10.15.2.0-bin\lib\derby.jar;D:\derby\db-derby-10.15.2.0-bin\lib\derbyclient.jar;D:\derby\db-derby-10.15.2.0-bin\lib\derbytools.jar;D:\derby\db-derby-10.15.2.0-bin\lib\derbyshared.jar;D:\derby\db-derby-10.15.2.0-bin\lib\derbynet.jar;D:\downloads_D\junitjars\hamcrest-core-1.3.jar;D:\downloads_D\junitjars\junit-4.13.2.jar;D:\mysql\mysql-connector-java-8.0.22\mysql-connector-java-8.0.22.jar;D:\downloads_D\junitjars\hamcrest-core-1.3.jar;D:\downloads_D\junitjars\junit-4.13.2.jar" />
    <property name="sun.os.patch.level" value="Service Pack 1" />
    <property name="javadoc.html5" value="false" />
    <property name="javac.test.processorpath" value="D:\mysql\mysql-connector-java-8.0.22\mysql-connector-java-8.0.22.jar:build/classes:C:\Program Files\netbeans\platform\modules\ext\junit-jupiter-api-5.3.1.jar;C:\Program Files\netbeans\platform\modules\ext\junit-jupiter-params-5.3.1.jar;C:\Program Files\netbeans\platform\modules\ext\junit-jupiter-engine-5.3.1.jar:C:\Program Files\netbeans\platform\modules\ext\junit-4.12.jar:D:\downloads_D\junitjars\hamcrest-core-1.3.jar:D:\downloads_D\junitjars\junit-4.13.2.jar" />
    <property name="libs.javaee-web-api-7.0.maven-pom" value="" />
    <property name="netbeans.dirs" value="C:\Program Files\netbeans\nb;C:\Program Files\netbeans\ergonomics;C:\Program Files\netbeans\ide;C:\Program Files\netbeans\extide;C:\Program Files\netbeans\java;C:\Program Files\netbeans\apisupport;C:\Program Files\netbeans\webcommon;C:\Program Files\netbeans\websvccommon;C:\Program Files\netbeans\enterprise;C:\Program Files\netbeans\mobility;C:\Program Files\netbeans\profiler;C:\Program Files\netbeans\python;C:\Program Files\netbeans\php;C:\Program Files\netbeans\identity;C:\Program Files\netbeans\harness;C:\Program Files\netbeans\cnd;C:\Program Files\netbeans\cndext;C:\Program Files\netbeans\dlight;C:\Program Files\netbeans\groovy;C:\Program Files\netbeans\extra;C:\Program Files\netbeans\javacard;C:\Program Files\netbeans\javafx" />
    <property name="libs.JAVADB_DRIVER_LABEL.javadoc" value="" />
    <property name="libs.hamcrest.maven-pom" value="" />
    <property name="javac.processorpath" value="D:\mysql\mysql-connector-java-8.0.22\mysql-connector-java-8.0.22.jar" />
    <property name="libs.javaee-api-6.0.javadoc" value="C:\Program Files\netbeans\enterprise\docs\javaee-doc-api.jar" />
    <property name="libs.JWSAntTasks.maven-pom" value="" />
    <property name="run.modulepath" value="" />
    <property name="javac.upgrademodulepath" value="" />
    <property name="jnlp.codebase.type" value="no.codebase" />
    <property name="do.archive+manifest.available" value="true" />
    <property name="libs.jSerialComm.javadoc" value="" />
    <property name="apple.laf.useScreenMenuBar" value="true" />
    <property name="user.country" value="US" />
    <property name="sun.java.launcher" value="SUN_STANDARD" />
    <property name="libs.restapi.javadoc" value="" />
    <property name="libs.jpa20-persistence.src" value="" />
    <property name="endorsed.classpath" value="" />
    <property name="javac.test.sourcepath" value="D:\downloads_D\3rd\software2\labs\first\build\empty" />
    <property name="libs.spring-webmvc3.0.maven-pom" value="" />
    <property name="includes" value="**" />
    <property name="libs.jSerialComm.src" value="D:\downloads_D\jSerialComm-2.6.2.jar" />
    <property name="file.reference.hamcrest-core-1.3.jar" value="D:\downloads_D\junitjars\hamcrest-core-1.3.jar" />
    <property name="libs.jsf12.javadoc" value="C:\Program Files\netbeans\enterprise\docs\javaee-doc-api.jar" />
    <property name="libs.hamcrest.classpath" value="C:\Program Files\netbeans\platform\modules\ext\hamcrest-core-1.3.jar" />
    <property name="javadoc.splitindex" value="true" />
    <property name="libs.JWSAntTasks.classpath" value="C:\Program Files\netbeans\java\ant\extra\org-netbeans-modules-javawebstart-anttasks.jar" />
    <property name="junit.available" value="true" />
    <property name="javac.processormodulepath" value="" />
    <property name="manifest.custom.application.library.allowable.codebase" value="" />
    <property name="javadoc.encoding" value="UTF-8" />
    <property name="libs.jstl.src" value="" />
    <property name="libs.jsp-compilation-syscp.maven-pom" value="" />
    <property name="netbeans.hash.code" value="unique=09f4c1e9b-af2c-46c8-82b1-27f0d67e5427_6b930bf8-d55b-493c-ab79-52354c74162b" />
    <property name="jlink.strip" value="false" />
    <property name="libs.spring-webmvc3.0.classpath" value="C:\Program Files\netbeans\java\modules\ext\spring-3.0\spring-webmvc-3.2.7.RELEASE.jar" />
    <property name="java.runtime.name" value="Java(TM) SE Runtime Environment" />
    <property name="manifest.available" value="true" />
    <property name="libs.jaxb.javadoc" value="C:\Program Files\netbeans\ide\docs\jaxb-api-2.2.5-javadoc.jar" />
    <property name="run.jvmargs.ide" value="" />
    <property name="ant.core.lib" value="C:\Program Files\netbeans\extide\ant\lib\ant.jar" />
    <property name="libs.jSerialComm.maven-pom" value="" />
    <property name="libs.jsp-compilation.maven-pom" value="" />
    <property name="netbeans.logger.console" value="true" />
    <property name="javac.profile.cmd.line.arg" value="" />
    <property name="do.archive+main.class.available" value="true" />
    <property name="application.title" value="lms" />
    <property name="javac.test.modulepath" value="" />
    <property name="libs.PostgreSQLDriver.javadoc" value="" />
    <property name="libs.jsp-compilation-syscp.classpath" value="C:\Program Files\netbeans\extide\ant\lib\ant.jar;C:\Program Files\netbeans\enterprise\modules\ext\servlet3.1-jsp2.3-api.jar;C:\Program Files\netbeans\enterprise\modules\ext\glassfish-jspparser-4.0.jar;C:\Program Files\netbeans\enterprise\modules\ext\jstl-impl.jar;C:\Program Files\netbeans\enterprise\modules\ext\jsf-2_2\javax.faces.jar" />
    <property name="libs.jsp-compilation.classpath" value="C:\Program Files\netbeans\extide\ant\lib\ant.jar;C:\Program Files\netbeans\enterprise\modules\ext\servlet3.1-jsp2.3-api.jar;C:\Program Files\netbeans\enterprise\modules\ext\glassfish-jspparser-4.0.jar;C:\Program Files\netbeans\enterprise\modules\ext\jsf-2_2\javax.faces.jar;C:\Program Files\netbeans\enterprise\modules\ext\jstl-api.jar;C:\Program Files\netbeans\extide\ant\lib\ant-launcher.jar" />
    <property name="ant.file.lms" value="D:\downloads_D\3rd\software2\labs\first\build.xml" />
    <property name="libs.javaee-api-6.0.classpath" value="C:\Program Files\netbeans\enterprise\modules\ext\javaee-api-6.0.jar" />
    <property name="javac.includesfile.binary" value="D:\downloads_D\3rd\software2\labs\first\null1331584191" />
    <property name="libs.javaee-api-7.0.classpath" value="C:\Program Files\netbeans\enterprise\modules\ext\javaee-api-7.0.jar" />
    <property name="sun.cpu.isalist" value="amd64" />
    <property name="libs.restapi.maven-pom" value="" />
    <property name="javadoc.preview" value="true" />
    <property name="do.depend" value="false" />
    <property name="jnlp.signing.alias" value="" />
    <property name="sun.arch.data.model" value="64" />
    <property name="nb.show.statistics.ui" value="usageStatisticsEnabled" />
    <property name="libs.javaee-endorsed-api-7.0.src" value="" />
    <property name="annotation.processing.enabled" value="true" />
    <property name="libs.junit_5.src" value="C:\Program Files\netbeans\platform\docs\junit-jupiter-api-5.3.1-sources.jar;C:\Program Files\netbeans\platform\docs\junit-jupiter-params-5.3.1-sources.jar;C:\Program Files\netbeans\platform\docs\junit-jupiter-engine-5.3.1-sources.jar" />
    <property name="libs.jaxb.classpath" value="C:\Program Files\netbeans\ide\modules\ext\jaxb\jaxb-impl-2.2.5-2.jar;C:\Program Files\netbeans\ide\modules\ext\jaxb\jaxb-xjc-2.2.5-2.jar;C:\Program Files\netbeans\ide\modules\ext\jaxb\jaxb1-impl-2.2.5-2.jar;C:\Program Files\netbeans\ide\modules\ext\jaxb\activation.jar;C:\Program Files\netbeans\ide\modules\ext\jaxb\api\jaxb-api.jar" />
    <property name="libs.CopyLibs.src" value="" />
    <property name="java.specification.vendor" value="Oracle Corporation" />
    <property name="javac.source" value="11" />
    <property name="java.version.date" value="2020-10-20" />
    <property name="java.home" value="C:\Program Files\Java\jdk-11.0.9" />
    <property name="work.dir" value="D:\downloads_D\3rd\software2\labs\first" />
    <property name="jna.boot.library.name" value="jnidispatch-440" />
    <property name="javac.test.compilerargs" value="" />
    <property name="libs.PostgreSQLDriver.classpath" value="C:\Program Files\netbeans\ide\modules\ext\postgresql-42.2.5.jar" />
    <property name="libs.spring-webmvc3.0.javadoc" value="" />
    <property name="libs.JAXB-ENDORSED.src" value="" />
    <property name="manifest.encoding" value="UTF-8" />
    <property name="user.script" value="" />
    <property name="manifest.custom.permissions" value="" />
    <property name="sun.management.compiler" value="HotSpot 64-Bit Tiered Compilers" />
    <property name="libs.spring-framework400.src" value="" />
    <property name="run.test.modulepath" value="" />
    <property name="libs.maven-dependencies.src" value="" />
    <property name="libs.javaee-web-api-6.0.classpath" value="C:\Program Files\netbeans\enterprise\modules\ext\javaee-web-api-6.0.jar" />
    <property name="libs.jsp-compiler.javadoc" value="" />
    <property name="debug.test.modulepath" value="" />
    <property name="libs.javaee-web-api-7.0.classpath" value="C:\Program Files\netbeans\enterprise\modules\ext\javaee-web-api-7.0.jar" />
    <property name="file.encoding" value="Cp1256" />
    <property name="java.util.logging.config.class" value="org.netbeans.core.startup.TopLogging" />
    <property name="https.nonProxyHosts" value="localhost|127.0.0.1|marwa" />
    <property name="libs.restlib.javadoc" value="" />
    <property name="libs.absolutelayout.classpath" value="D:\downloads_D\netbeans\java\modules\ext\AbsoluteLayout.jar;D:\db\derby\db-derby-10.15.2.0-bin\lib\derby.jar;D:\db\derby\db-derby-10.15.2.0-bin\lib\derbyclient.jar;D:\db\derby\db-derby-10.15.2.0-bin\lib\derbyshared.jar;D:\db\derby\db-derby-10.15.2.0-bin\lib\derbytools.jar;D:\db\derby\db-derby-10.15.2.0-bin\lib\derbynet.jar" />
    <property name="do.archive" value="true" />
    <property name="libs.struts.maven-pom" value="" />
    <property name="java.awt.printerjob" value="sun.awt.windows.WPrinterJob" />
    <property name="built-jar.properties" value="D:\downloads_D\3rd\software2\labs\first\build\built-jar.properties" />
    <property name="nb.native.filechooser" value="false" />
    <property name="libs.testng.src" value="" />
    <property name="platform.active" value="default_platform" />
    <property name="manifest.file" value="manifest.mf" />
    <property name="sun.io.unicode.encoding" value="UnicodeLittle" />
    <property name="libs.struts.javadoc" value="C:\Program Files\netbeans\enterprise\docs\struts-1.3.10-javadoc.zip" />
    <property name="sun.desktop" value="windows" />
    <property name="default.javac.source" value="11" />
    <property name="netbeans.dynamic.classpath" value="C:\Program Files\netbeans\platform\core\asm-all-5.0.1.jar;C:\Program Files\netbeans\platform\core\core-base.jar;C:\Program Files\netbeans\platform\core\core.jar;C:\Program Files\netbeans\platform\core\org-netbeans-libs-asm.jar;C:\Program Files\netbeans\platform\core\org-openide-filesystems-compat8.jar;C:\Program Files\netbeans\platform\core\org-openide-filesystems.jar;C:\Program Files\netbeans\nb\core\org-netbeans-upgrader.jar;C:\Program Files\netbeans\nb\core\locale\core_nb.jar" />
    <property name="libs.eclipselinkmodelgen.classpath" value="C:\Program Files\netbeans\java\modules\ext\eclipselink\org.eclipse.persistence.jpa.modelgen.processor-2.5.2.jar" />
    <property name="javac.systemmodulepath.cmd.line.arg" value="" />
    <property name="netbeans.buildnumber" value="incubator-netbeans-release-404-on-20190319" />
    <property name="endorsed.classpath.cmd.line.arg" value="" />
    <property name="libs.jpa20-persistence.maven-pom" value="" />
    <property name="os.name" value="Windows 7" />
    <property name="build.sysclasspath" value="ignore" />
    <property name="libs.CopyLibs.maven-pom" value="" />
    <property name="jdkBug6558476" value="false" />
    <property name="javadoc.author" value="false" />
    <property name="http.nonProxyHosts" value="localhost|127.0.0.1|marwa" />
    <property name="main.class" value="lms.Lms" />
    <property name="libs.jsp-compilation-syscp.javadoc" value="" />
    <property name="source.encoding" value="UTF-8" />
    <property name="jar.compress" value="false" />
    <property name="libs.javaee-api-7.0.javadoc" value="C:\Program Files\netbeans\enterprise\docs\javaee-doc-api.jar" />
    <property name="jnlp.mixed.code" value="default" />
    <property name="java.awt.graphicsenv" value="sun.awt.Win32GraphicsEnvironment" />
    <property name="libs.jsf20.maven-pom" value="" />
    <property name="libs.restlib.classpath" value="C:\Program Files\netbeans\enterprise\modules\ext\jersey2\ext\asm-all-repackaged-2.2.0-b21.jar;C:\Program Files\netbeans\enterprise\modules\ext\jersey2\ext\cglib-2.2.0-b21.jar;C:\Program Files\netbeans\enterprise\modules\ext\jersey2\ext\guava-14.0.1.jar;C:\Program Files\netbeans\enterprise\modules\ext\jersey2\ext\hk2-api-2.2.0-b21.jar;C:\Program Files\netbeans\enterprise\modules\ext\jersey2\ext\hk2-locator-2.2.0-b21.jar;C:\Program Files\netbeans\enterprise\modules\ext\jersey2\ext\hk2-utils-2.2.0-b21.jar;C:\Program Files\netbeans\enterprise\modules\ext\jersey2\ext\javax.annotation-api-1.2.jar;C:\Program Files\netbeans\enterprise\modules\ext\jersey2\ext\javax.inject-2.2.0-b21.jar;C:\Program Files\netbeans\enterprise\modules\ext\jersey2\ext\javax.servlet-api-3.0.1.jar;C:\Program Files\netbeans\enterprise\modules\ext\jersey2\ext\jaxb-api-2.2.7.jar;C:\Program Files\netbeans\enterprise\modules\ext\jersey2\ext\jersey-entity-filtering-2.5.1.jar;C:\Program Files\netbeans\enterprise\modules\ext\jersey2\ext\jersey-media-moxy-2.5.1.jar;C:\Program Files\netbeans\enterprise\modules\ext\jersey2\ext\org.osgi.core-4.2.0.jar;C:\Program Files\netbeans\enterprise\modules\ext\jersey2\ext\osgi-resource-locator-1.0.1.jar;C:\Program Files\netbeans\enterprise\modules\ext\jersey2\ext\persistence-api-1.0.jar;C:\Program Files\netbeans\enterprise\modules\ext\jersey2\ext\validation-api-1.1.0.Final.jar;C:\Program Files\netbeans\enterprise\modules\ext\jersey2\jersey-client.jar;C:\Program Files\netbeans\enterprise\modules\ext\jersey2\jersey-common.jar;C:\Program Files\netbeans\enterprise\modules\ext\jersey2\jersey-container-servlet.jar;C:\Program Files\netbeans\enterprise\modules\ext\jersey2\jersey-container-servlet-core.jar;C:\Program Files\netbeans\enterprise\modules\ext\jersey2\jersey-server.jar" />
    <property name="apple.awt.graphics.UseQuartz" value="true" />
    <property name="run.jvmargs" value="" />
    <property name="libs.primefaces.src" value="" />
    <property name="ant.file" value="D:\downloads_D\3rd\software2\labs\first\build.xml" />
    <property name="libs.struts.src" value="" />
    <property name="path.separator" value=";" />
    <property name="libs.JAXB-ENDORSED.classpath" value="C:\Program Files\netbeans\ide\modules\ext\jaxb\api\jaxb-api.jar" />
    <property name="libs.restlib.src" value="" />
    <property name="build.test.results.dir" value="build/test/results" />
    <property name="libs.jaxws21.javadoc" value="C:\Program Files\netbeans\java\docs\jaxws-api-doc.zip" />
    <property name="libs.spring-framework400.maven-pom" value="" />
    <property name="ap.processors.internal" value="" />
    <property name="module.name" value="" />
    <property name="libs.jsf12.classpath" value="C:\Program Files\netbeans\enterprise\modules\ext\jsf-1_2\jsf-api.jar;C:\Program Files\netbeans\enterprise\modules\ext\jsf-1_2\jsf-impl.jar" />
    <property name="libs.hamcrest.javadoc" value="" />
    <property name="libs.spring-framework400.javadoc" value="" />
    <property name="libs.javac-api.src" value="" />
    <property name="do.jar" value="true" />
    <property name="java.vm.info" value="mixed mode" />
    <property name="libs.primefaces.classpath" value="C:\Program Files\netbeans\enterprise\modules\ext\primefaces\primefaces-5.0.jar" />
    <property name="libs.jaxws21.maven-pom" value="" />
    <property name="run.test.classpath" value="D:\mysql\mysql-connector-java-8.0.22\mysql-connector-java-8.0.22.jar:build/classes:C:\Program Files\netbeans\platform\modules\ext\junit-jupiter-api-5.3.1.jar;C:\Program Files\netbeans\platform\modules\ext\junit-jupiter-params-5.3.1.jar;C:\Program Files\netbeans\platform\modules\ext\junit-jupiter-engine-5.3.1.jar:C:\Program Files\netbeans\platform\modules\ext\junit-4.12.jar:D:\downloads_D\junitjars\hamcrest-core-1.3.jar:D:\downloads_D\junitjars\junit-4.13.2.jar:build/test/classes" />
    <property name="dist.jlink.output" value="dist/jlink/lms" />
    <property name="javadoc.encoding.used" value="UTF-8" />
    <property name="java.class.version" value="55.0" />
    <property name="src.dir" value="src" />
    <property name="debug.classpath" value="D:\mysql\mysql-connector-java-8.0.22\mysql-connector-java-8.0.22.jar:build/classes" />
    <property name="ant.project.default-target" value="default" />
    <property name="excludes" value="" />
    <property name="libs.javaee-api-7.0.src" value="" />
    <property name="sun.jnu.encoding" value="Cp1256" />
    <property name="libs.junit_4.javadoc" value="C:\Program Files\netbeans\platform\docs\junit-4.12-javadoc.jar" />
    <property name="run.test.jvmargs" value="" />
    <property name="libs.spring-webmvc4.0.src" value="" />
    <property name="jnlp.offline-allowed" value="false" />
    <property name="sun.java2d.dpiaware" value="true" />
    <property name="main.class.available" value="true" />
    <property name="libs.jsf20.javadoc" value="C:\Program Files\netbeans\enterprise\docs\javaee-doc-api.jar" />
    <property name="libs.JAVADB_DRIVER_LABEL.classpath" value="D:\derby\db-derby-10.15.2.0-bin\lib\derby.jar;D:\derby\db-derby-10.15.2.0-bin\lib\derbyclient.jar;D:\derby\db-derby-10.15.2.0-bin\lib\derbynet.jar;D:\derby\db-derby-10.15.2.0-bin\lib\derbytools.jar" />
    <property name="jar.archive.disabled" value="false" />
    <property name="netbeans.importclass" value="org.netbeans.upgrade.AutoUpgrade" />
    <property name="netbeans.autoupdate.version" value="1.23" />
    <property name="empty.dir" value="D:\downloads_D\3rd\software2\labs\first\build\empty" />
    <property name="netbeans.user" value="C:\Users\toshipa\AppData\Roaming\NetBeans\11.0" />
    <property name="javac.includes.binary" value="D:\downloads_D\3rd\software2\labs\first\build\test\classes\lms\loginTest.class" />
    <property name="file.separator" value="\" />
    <property name="line.separator" value="&#xd;&#xa;" />
    <property name="javadoc.additionalparam" value="" />
    <property name="jnlp.signed" value="false" />
    <property name="javac.debug" value="true" />
    <property name="libs.restlib.maven-pom" value="" />
    <property name="libs.testng.classpath" value="C:\Program Files\netbeans\platform\modules\ext\testng-6.8.1-dist.jar" />
    <property name="libs.jsp-compiler.src" value="" />
    <property name="user.name" value="toshipa" />
    <property name="libs.maven-dependencies.javadoc" value="C:\Program Files\netbeans\enterprise\docs\javaee-doc-api.jar" />
    <property name="build.classes.dir" value="build/classes" />
    <property name="nb.junit.single" value="false" />
    <property name="javadoc.windowtitle" value="" />
    <property name="nb.internal.action.name" value="run.single" />
    <property name="libs.jaxws21.src" value="" />
    <property name="libs.maven-dependencies.classpath" value="C:\Program Files\netbeans\enterprise\modules\ext\javaee6-endorsed\javax.annotation.jar;C:\Program Files\netbeans\enterprise\modules\ext\javaee6-endorsed\jaxb-api-osgi.jar;C:\Program Files\netbeans\enterprise\modules\ext\javaee6-endorsed\webservices-api-osgi.jar" />
    <property name="jna.loaded" value="true" />
    <property name="libs.junit_5.maven-pom" value="" />
    <property name="libs.jpa20-persistence.javadoc" value="" />
    <property name="ant.junit.enabletestlistenerevents" value="true" />
    <property name="libs.JWSAntTasks.src" value="" />
    <property name="ant.home" value="C:\Program Files\netbeans\extide\ant" />
    <property name="libs.spring-webmvc3.0.src" value="" />
    <property name="javac.external.vm" value="true" />
    <property name="have.tests" value="true" />
    <property name="debug.test.classpath" value="D:\mysql\mysql-connector-java-8.0.22\mysql-connector-java-8.0.22.jar:build/classes:C:\Program Files\netbeans\platform\modules\ext\junit-jupiter-api-5.3.1.jar;C:\Program Files\netbeans\platform\modules\ext\junit-jupiter-params-5.3.1.jar;C:\Program Files\netbeans\platform\modules\ext\junit-jupiter-engine-5.3.1.jar:C:\Program Files\netbeans\platform\modules\ext\junit-4.12.jar:D:\downloads_D\junitjars\hamcrest-core-1.3.jar:D:\downloads_D\junitjars\junit-4.13.2.jar:build/test/classes" />
    <property name="testng.debug.mode" value="" />
    <property name="jnlp.signing" value="" />
    <property name="javac.target" value="11" />
    <property name="ant.version" value="Apache Ant(TM) version 1.10.4 compiled on June 19 2018" />
    <property name="libs.absolutelayout.maven-pom" value="" />
    <property name="jdk.gtk.version" value="2.2" />
    <property name="java.failonerror" value="true" />
    <property name="javac.modulepath" value="" />
    <property name="user.properties.file" value="C:\Users\toshipa\AppData\Roaming\NetBeans\11.0\build.properties" />
    <property name="libs.javaee-api-6.0.src" value="" />
    <property name="javac.includes" value="lms/loginTest.java" />
    <property name="netbeans.autoupdate.country" value="US" />
    <property name="java.class.path" value="D:\mysql\mysql-connector-java-8.0.22\mysql-connector-java-8.0.22.jar;D:\downloads_D\3rd\software2\labs\first\build\classes;C:\Program Files\netbeans\platform\modules\ext\junit-jupiter-api-5.3.1.jar;C:\Program Files\netbeans\platform\modules\ext\junit-jupiter-params-5.3.1.jar;C:\Program Files\netbeans\platform\modules\ext\junit-jupiter-engine-5.3.1.jar;C:\Program Files\netbeans\platform\modules\ext\junit-4.12.jar;D:\downloads_D\junitjars\hamcrest-core-1.3.jar;D:\downloads_D\junitjars\junit-4.13.2.jar;D:\downloads_D\3rd\software2\labs\first\build\test\classes;C:\Program Files\netbeans\extide\ant\lib\ant-launcher.jar;C:\Program Files\netbeans\extide\ant\lib\ant.jar;C:\Program Files\netbeans\extide\ant\lib\ant-junit.jar;C:\Program Files\netbeans\extide\ant\lib\ant-junit4.jar" />
    <property name="libs.javaee-web-api-6.0.maven-pom" value="" />
    <property name="java.vm.vendor" value="Oracle Corporation" />
    <property name="ap.supported.internal" value="true" />
    <property name="user.variant" value="" />
    <property name="netbeans.home+have.tests" value="true" />
    <property name="test.binaryexcludes" value="" />
    <property name="javac.compilerargs" value="" />
    <property name="libs.jstl.maven-pom" value="" />
    <property name="sun.cpu.endian" value="little" />
    <property name="libs.junit_4.src" value="C:\Program Files\netbeans\platform\docs\junit-4.12-sources.jar" />
    <property name="user.language" value="en" />
    <property name="copylibs.rebase" value="true" />
    <property name="libs.javaee-web-api-6.0.src" value="" />
    <property name="javadoc.nonavbar" value="false" />
    <property name="ant.java.version" value="11" />
    <property name="libs.junit_4.classpath" value="C:\Program Files\netbeans\platform\modules\ext\junit-4.12.jar" />
    <property name="jlink.launcher.name" value="lms" />
    <property name="test.binarytestincludes" value="" />
    <property name="sun.awt.keepWorkingSetOnMinimize" value="true" />
    <property name="libs.junit_4.maven-pom" value="" />
    <property name="libs.jsp-compiler.maven-pom" value="" />
    <property name="runtime.encoding" value="UTF-8" />
    <property name="jlink.additionalmodules" value="" />
    <property name="javac.classpath" value="D:\mysql\mysql-connector-java-8.0.22\mysql-connector-java-8.0.22.jar" />
    <property name="dist.jlink.dir" value="dist/jlink" />
    <property name="nb.junit.batch" value="true" />
    <property name="libs.JAVADB_DRIVER_LABEL.maven-pom" value="" />
    <property name="build.test.classes.dir" value="build/test/classes" />
    <property name="libs.spring-framework300.maven-pom" value="" />
    <property name="ant.project.invoked-targets" value="test-single" />
    <property name="libs.jstl.classpath" value="C:\Program Files\netbeans\enterprise\modules\ext\jstl-impl.jar;C:\Program Files\netbeans\enterprise\modules\ext\jstl-api.jar" />
    <property name="ap.cmd.line.internal" value="" />
    <property name="libs.PostgreSQLDriver.src" value="" />
    <property name="java.vendor.url.bug" value="https://bugreport.java.com/bugreport/" />
    <property name="annotation.processing.source.output" value="build/generated-sources/ap-source-output" />
    <property name="user.dir" value="D:\downloads_D\3rd\software2\labs\first" />
    <property name="platform.java" value="C:\Program Files\Java\jdk-11.0.9/bin/java" />
    <property name="application.args" value="" />
    <property name="org.xml.sax.driver" value="com.sun.org.apache.xerces.internal.jaxp.SAXParserImpl$JAXPSAXParser" />
    <property name="libs.eclipselink.src" value="" />
    <property name="java.vm.version" value="11.0.9+7-LTS" />
    <property name="manifest.custom.codebase" value="" />
    <property name="libs.metro.javadoc" value="C:\Program Files\netbeans\enterprise\docs\webservices-api-javadoc.jar;C:\Program Files\netbeans\enterprise\docs\webservices-extra-javadoc.jar;C:\Program Files\netbeans\enterprise\docs\webservices-extra-api-javadoc.jar;C:\Program Files\netbeans\enterprise\docs\webservices-rt-javadoc.jar;C:\Program Files\netbeans\enterprise\docs\webservices-tools-javadoc.jar" />
    <property name="test.class" value="lms.loginTest" />
    <property name="sun.awt.datatransfer.timeout" value="1000" />
    <property name="libs.javaee-web-api-7.0.src" value="" />
    <property name="junit.forkmode" value="perTest" />
    <property name="annotation.processing.run.all.processors" value="true" />
    <property name="libs.jsp-compiler.classpath" value="C:\Program Files\netbeans\enterprise\ant\extra\jspcompile.jar" />
  </properties>
  <testcase classname="lms.loginTest" name="testVerify_teacher_WrongPassword" time="1.785" />
  <testcase classname="lms.loginTest" name="testVerify_teacher_CorrectPassword" time="0.1" />
  <testcase classname="lms.loginTest" name="testVerify_student_WrongPassword" time="0.119" />
  <testcase classname="lms.loginTest" name="testVerify_admin_WrongPassword" time="0.156" />
  <testcase classname="lms.loginTest" name="testMain" time="0.004" />
  <testcase classname="lms.loginTest" name="testVerify_student_NotExists" time="0.116" />
  <testcase classname="lms.loginTest" name="WrongPassword" time="0.128" />
  <testcase classname="lms.loginTest" name="testGetStudentData_Exists" time="0.104" />
  <testcase classname="lms.loginTest" name="testGetTeacherData_WrongPassword" time="0.117" />
  <testcase classname="lms.loginTest" name="testVerify_InvalidData" time="0.124" />
  <testcase classname="lms.loginTest" name="testVerify_student_CorrectPassword" time="0.116" />
  <testcase classname="lms.loginTest" name="testGetTeacherData_Exists" time="0.127" />
  <testcase classname="lms.loginTest" name="testVerify_teacher_NotExists" time="0.116" />
  <testcase classname="lms.loginTest" name="testGetTeacherData_NotExists" time="0.135" />
  <testcase classname="lms.loginTest" name="testVerify_EmptyEmail" time="0.11" />
  <testcase classname="lms.loginTest" name="testGetStudentData_NotExists" time="0.085" />
  <testcase classname="lms.loginTest" name="testVerify_admin_EmptyPassword" time="0.081" />
  <system-out><![CDATA[verify_teacher
verify_teacher
verify_student
verify_admin
main
verify_student
getStudentData
getStudentData
getTeacherData
verify_admin
verify_student
getTeacherData
verify_teacher
getTeacherData
verify_admin
getStudentData
verify_admin
]]></system-out>
  <system-err><![CDATA[]]></system-err>
</testsuite>
